2022-12-11 16:42:54,837:INFO:PyCaret Supervised Module
2022-12-11 16:42:54,838:INFO:ML Usecase: classification
2022-12-11 16:42:54,838:INFO:version 2.3.10
2022-12-11 16:42:54,838:INFO:Initializing setup()
2022-12-11 16:42:54,838:INFO:setup(display=None, profile_kwargs=None, profile=False, verbose=True, silent=False, log_data=False, log_profile=False, log_plots=False, experiment_custom_tags=None, experiment_name=None, log_experiment=False, session_id=123, html=True, custom_pipeline=None, use_gpu=False, n_jobs=-1, fold_groups=None, fold_shuffle=False, fold=10, fold_strategy=stratifiedkfold, data_split_stratify=False, data_split_shuffle=True, transform_target_method=box-cox, transform_target=False, fix_imbalance_method=None, fix_imbalance=False, interaction_threshold=0.01, feature_ratio=False, feature_interaction=False, feature_selection_method=classic, feature_selection_threshold=0.8, feature_selection=False, group_names=None, group_features=None, polynomial_threshold=0.1, trigonometry_features=False, polynomial_degree=2, polynomial_features=False, cluster_iter=20, create_clusters=False, remove_perfect_collinearity=True, multicollinearity_threshold=0.9, remove_multicollinearity=False, outliers_threshold=0.05, remove_outliers=False, bin_numeric_features=None, rare_level_threshold=0.1, combine_rare_levels=False, ignore_low_variance=False, pca_components=None, pca_method=linear, pca=False, unknown_categorical_method=least_frequent, handle_unknown_categorical=True, transformation_method=yeo-johnson, transformation=False, normalize_method=zscore, normalize=False, ignore_features=None, date_features=None, numeric_iterative_imputer=lightgbm, numeric_imputation=mean, numeric_features=None, high_cardinality_method=frequency, high_cardinality_features=None, ordinal_features=None, categorical_iterative_imputer=lightgbm, categorical_imputation=constant, categorical_features=None, iterative_imputation_iters=5, imputation_type=simple, preprocess=True, test_data=None, train_size=0.7, available_plots={'parameter': 'Hyperparameters', 'auc': 'AUC', 'confusion_matrix': 'Confusion Matrix', 'threshold': 'Threshold', 'pr': 'Precision Recall', 'error': 'Prediction Error', 'class_report': 'Class Report', 'rfe': 'Feature Selection', 'learning': 'Learning Curve', 'manifold': 'Manifold Learning', 'calibration': 'Calibration Curve', 'vc': 'Validation Curve', 'dimension': 'Dimensions', 'feature': 'Feature Importance', 'feature_all': 'Feature Importance (All)', 'boundary': 'Decision Boundary', 'lift': 'Lift Chart', 'gain': 'Gain Chart', 'tree': 'Decision Tree', 'ks': 'KS Statistic Plot'}, ml_usecase=classification, target=Survived)
2022-12-11 16:42:54,838:INFO:Checking environment
2022-12-11 16:42:54,838:INFO:python_version: 3.6.13
2022-12-11 16:42:54,838:INFO:python_build: ('default', 'Jun  4 2021 14:25:59')
2022-12-11 16:42:54,838:INFO:machine: x86_64
2022-12-11 16:42:54,839:INFO:platform: Linux-5.4.0-58-generic-x86_64-with-debian-bullseye-sid
2022-12-11 16:42:54,839:WARNING:cannot find psutil installation. memory not traceable. Install psutil using pip to enable memory logging.
2022-12-11 16:42:54,839:INFO:Checking libraries
2022-12-11 16:42:54,839:INFO:pd==1.1.5
2022-12-11 16:42:54,839:INFO:numpy==1.19.5
2022-12-11 16:42:54,839:INFO:sklearn==0.23.2
2022-12-11 16:42:54,839:INFO:lightgbm==3.3.3
2022-12-11 16:42:54,839:WARNING:catboost not found
2022-12-11 16:42:54,857:INFO:xgboost==1.5.2
2022-12-11 16:42:54,857:INFO:mlflow==1.23.1
2022-12-11 16:42:54,857:INFO:Checking Exceptions
2022-12-11 16:42:54,857:INFO:Declaring global variables
2022-12-11 16:42:54,857:INFO:USI: 15a9
2022-12-11 16:42:54,857:INFO:pycaret_globals: {'n_jobs_param', 'imputation_regressor', 'iterative_imputation_iters_param', 'fix_imbalance_method_param', 'prep_pipe', 'data_before_preprocess', 'y_train', 'imputation_classifier', 'target_param', 'fold_param', 'fold_groups_param_full', '_ml_usecase', '_internal_pipeline', 'seed', '_all_metrics', 'log_plots_param', '_gpu_n_jobs_param', 'html_param', 'USI', 'logging_param', 'transform_target_method_param', 'master_model_container', 'y_test', 'X_train', 'experiment__', 'fix_imbalance_param', 'dashboard_logger', 'X', 'fold_shuffle_param', '_all_models_internal', '_all_models', 'y', 'create_model_container', 'fold_groups_param', 'exp_name_log', 'gpu_param', 'display_container', '_available_plots', 'transform_target_param', 'fold_generator', 'stratify_param', 'pycaret_globals', 'X_test'}
2022-12-11 16:42:54,857:INFO:Preparing display monitor
2022-12-11 16:42:54,858:INFO:Preparing display monitor
2022-12-11 16:42:54,879:INFO:Importing libraries
2022-12-11 16:42:54,879:INFO:Copying data for preprocessing
2022-12-11 16:42:54,893:INFO:Declaring preprocessing parameters
2022-12-11 16:42:54,980:INFO:Creating preprocessing pipeline
2022-12-11 16:42:55,002:INFO:Preprocessing pipeline created successfully
2022-12-11 16:42:55,003:ERROR:(Process Exit): setup has been interupted with user command 'quit'. setup must rerun.
2022-12-11 16:42:55,003:INFO:Creating global containers
2022-12-11 16:42:55,005:INFO:Internal pipeline: Pipeline(memory=None, steps=[('empty_step', 'passthrough')], verbose=False)
2022-12-11 16:42:59,124:WARNING:Couldn't import catboost.CatBoostClassifier
2022-12-11 16:42:59,199:WARNING:Couldn't import catboost.CatBoostClassifier
2022-12-11 16:42:59,200:INFO:Creating grid variables
2022-12-11 16:42:59,228:INFO:create_model_container: 0
2022-12-11 16:42:59,228:INFO:master_model_container: 0
2022-12-11 16:42:59,229:INFO:display_container: 1
2022-12-11 16:42:59,234:INFO:Pipeline(memory=None,
         steps=[('dtypes',
                 DataTypes_Auto_infer(categorical_features=[],
                                      display_types=True, features_todrop=[],
                                      id_columns=['PassengerId'],
                                      ml_usecase='classification',
                                      numerical_features=[], target='Survived',
                                      time_features=[])),
                ('imputer',
                 Simple_Imputer(categorical_strategy='not_available',
                                fill_value_categorical=None,
                                fill_value_numerical=Non...
                ('scaling', 'passthrough'), ('P_transform', 'passthrough'),
                ('binn', 'passthrough'), ('rem_outliers', 'passthrough'),
                ('cluster_all', 'passthrough'),
                ('dummy', Dummify(target='Survived')),
                ('fix_perfect', Remove_100(target='Survived')),
                ('clean_names', Clean_Colum_Names()),
                ('feature_select', 'passthrough'), ('fix_multi', 'passthrough'),
                ('dfs', 'passthrough'), ('pca', 'passthrough')],
         verbose=False)
2022-12-11 16:42:59,234:INFO:setup() succesfully completed......................................
2022-12-11 16:48:21,911:INFO:PyCaret Supervised Module
2022-12-11 16:48:21,912:INFO:ML Usecase: classification
2022-12-11 16:48:21,912:INFO:version 2.3.10
2022-12-11 16:48:21,912:INFO:Initializing setup()
2022-12-11 16:48:21,912:INFO:setup(display=None, profile_kwargs=None, profile=False, verbose=True, silent=False, log_data=False, log_profile=False, log_plots=False, experiment_custom_tags=None, experiment_name=None, log_experiment=False, session_id=123, html=True, custom_pipeline=None, use_gpu=False, n_jobs=-1, fold_groups=None, fold_shuffle=False, fold=10, fold_strategy=stratifiedkfold, data_split_stratify=False, data_split_shuffle=True, transform_target_method=box-cox, transform_target=False, fix_imbalance_method=None, fix_imbalance=False, interaction_threshold=0.01, feature_ratio=False, feature_interaction=False, feature_selection_method=classic, feature_selection_threshold=0.8, feature_selection=False, group_names=None, group_features=None, polynomial_threshold=0.1, trigonometry_features=False, polynomial_degree=2, polynomial_features=False, cluster_iter=20, create_clusters=False, remove_perfect_collinearity=True, multicollinearity_threshold=0.9, remove_multicollinearity=False, outliers_threshold=0.05, remove_outliers=False, bin_numeric_features=None, rare_level_threshold=0.1, combine_rare_levels=False, ignore_low_variance=False, pca_components=None, pca_method=linear, pca=False, unknown_categorical_method=least_frequent, handle_unknown_categorical=True, transformation_method=yeo-johnson, transformation=False, normalize_method=zscore, normalize=False, ignore_features=None, date_features=None, numeric_iterative_imputer=lightgbm, numeric_imputation=mean, numeric_features=None, high_cardinality_method=frequency, high_cardinality_features=None, ordinal_features=None, categorical_iterative_imputer=lightgbm, categorical_imputation=constant, categorical_features=None, iterative_imputation_iters=5, imputation_type=simple, preprocess=True, test_data=None, train_size=0.7, available_plots={'parameter': 'Hyperparameters', 'auc': 'AUC', 'confusion_matrix': 'Confusion Matrix', 'threshold': 'Threshold', 'pr': 'Precision Recall', 'error': 'Prediction Error', 'class_report': 'Class Report', 'rfe': 'Feature Selection', 'learning': 'Learning Curve', 'manifold': 'Manifold Learning', 'calibration': 'Calibration Curve', 'vc': 'Validation Curve', 'dimension': 'Dimensions', 'feature': 'Feature Importance', 'feature_all': 'Feature Importance (All)', 'boundary': 'Decision Boundary', 'lift': 'Lift Chart', 'gain': 'Gain Chart', 'tree': 'Decision Tree', 'ks': 'KS Statistic Plot'}, ml_usecase=classification, target=Survived)
2022-12-11 16:48:21,912:INFO:Checking environment
2022-12-11 16:48:21,912:INFO:python_version: 3.6.13
2022-12-11 16:48:21,912:INFO:python_build: ('default', 'Jun  4 2021 14:25:59')
2022-12-11 16:48:21,912:INFO:machine: x86_64
2022-12-11 16:48:21,913:INFO:platform: Linux-5.4.0-58-generic-x86_64-with-debian-bullseye-sid
2022-12-11 16:48:21,913:WARNING:cannot find psutil installation. memory not traceable. Install psutil using pip to enable memory logging.
2022-12-11 16:48:21,913:INFO:Checking libraries
2022-12-11 16:48:21,913:INFO:pd==1.1.5
2022-12-11 16:48:21,913:INFO:numpy==1.19.5
2022-12-11 16:48:21,913:INFO:sklearn==0.24.2
2022-12-11 16:49:44,489:INFO:PyCaret Supervised Module
2022-12-11 16:49:44,490:INFO:ML Usecase: classification
2022-12-11 16:49:44,490:INFO:version 2.3.10
2022-12-11 16:49:44,490:INFO:Initializing setup()
2022-12-11 16:49:44,490:INFO:setup(display=None, profile_kwargs=None, profile=False, verbose=True, silent=False, log_data=False, log_profile=False, log_plots=False, experiment_custom_tags=None, experiment_name=None, log_experiment=False, session_id=123, html=True, custom_pipeline=None, use_gpu=False, n_jobs=-1, fold_groups=None, fold_shuffle=False, fold=10, fold_strategy=stratifiedkfold, data_split_stratify=False, data_split_shuffle=True, transform_target_method=box-cox, transform_target=False, fix_imbalance_method=None, fix_imbalance=False, interaction_threshold=0.01, feature_ratio=False, feature_interaction=False, feature_selection_method=classic, feature_selection_threshold=0.8, feature_selection=False, group_names=None, group_features=None, polynomial_threshold=0.1, trigonometry_features=False, polynomial_degree=2, polynomial_features=False, cluster_iter=20, create_clusters=False, remove_perfect_collinearity=True, multicollinearity_threshold=0.9, remove_multicollinearity=False, outliers_threshold=0.05, remove_outliers=False, bin_numeric_features=None, rare_level_threshold=0.1, combine_rare_levels=False, ignore_low_variance=False, pca_components=None, pca_method=linear, pca=False, unknown_categorical_method=least_frequent, handle_unknown_categorical=True, transformation_method=yeo-johnson, transformation=False, normalize_method=zscore, normalize=False, ignore_features=None, date_features=None, numeric_iterative_imputer=lightgbm, numeric_imputation=mean, numeric_features=None, high_cardinality_method=frequency, high_cardinality_features=None, ordinal_features=None, categorical_iterative_imputer=lightgbm, categorical_imputation=constant, categorical_features=None, iterative_imputation_iters=5, imputation_type=simple, preprocess=True, test_data=None, train_size=0.7, available_plots={'parameter': 'Hyperparameters', 'auc': 'AUC', 'confusion_matrix': 'Confusion Matrix', 'threshold': 'Threshold', 'pr': 'Precision Recall', 'error': 'Prediction Error', 'class_report': 'Class Report', 'rfe': 'Feature Selection', 'learning': 'Learning Curve', 'manifold': 'Manifold Learning', 'calibration': 'Calibration Curve', 'vc': 'Validation Curve', 'dimension': 'Dimensions', 'feature': 'Feature Importance', 'feature_all': 'Feature Importance (All)', 'boundary': 'Decision Boundary', 'lift': 'Lift Chart', 'gain': 'Gain Chart', 'tree': 'Decision Tree', 'ks': 'KS Statistic Plot'}, ml_usecase=classification, target=Survived)
2022-12-11 16:49:44,490:INFO:Checking environment
2022-12-11 16:49:44,490:INFO:python_version: 3.6.13
2022-12-11 16:49:44,490:INFO:python_build: ('default', 'Jun  4 2021 14:25:59')
2022-12-11 16:49:44,490:INFO:machine: x86_64
2022-12-11 16:49:44,491:INFO:platform: Linux-5.4.0-58-generic-x86_64-with-debian-bullseye-sid
2022-12-11 16:49:44,491:WARNING:cannot find psutil installation. memory not traceable. Install psutil using pip to enable memory logging.
2022-12-11 16:49:44,491:INFO:Checking libraries
2022-12-11 16:49:44,491:INFO:pd==1.1.5
2022-12-11 16:49:44,491:INFO:numpy==1.19.5
2022-12-11 16:49:44,491:INFO:sklearn==0.23.2
2022-12-11 16:49:44,492:INFO:lightgbm==3.3.3
2022-12-11 16:49:44,492:WARNING:catboost not found
2022-12-11 16:49:44,517:INFO:xgboost==1.5.2
2022-12-11 16:49:44,517:INFO:mlflow==1.23.1
2022-12-11 16:49:44,517:INFO:Checking Exceptions
2022-12-11 16:49:44,517:INFO:Declaring global variables
2022-12-11 16:49:44,517:INFO:USI: fef0
2022-12-11 16:49:44,517:INFO:pycaret_globals: {'X', 'target_param', 'gpu_param', 'exp_name_log', 'prep_pipe', 'fold_groups_param_full', 'logging_param', '_all_models', 'y_train', 'imputation_classifier', 'experiment__', 'transform_target_method_param', 'imputation_regressor', 'pycaret_globals', 'stratify_param', 'html_param', 'X_test', '_available_plots', 'n_jobs_param', 'X_train', 'fold_param', 'y', 'fold_generator', 'fold_shuffle_param', '_ml_usecase', '_all_models_internal', 'fix_imbalance_method_param', '_all_metrics', '_internal_pipeline', '_gpu_n_jobs_param', 'y_test', 'seed', 'iterative_imputation_iters_param', 'create_model_container', 'fold_groups_param', 'display_container', 'dashboard_logger', 'data_before_preprocess', 'transform_target_param', 'USI', 'fix_imbalance_param', 'log_plots_param', 'master_model_container'}
2022-12-11 16:49:44,517:INFO:Preparing display monitor
2022-12-11 16:49:44,518:INFO:Preparing display monitor
2022-12-11 16:49:44,541:INFO:Importing libraries
2022-12-11 16:49:44,541:INFO:Copying data for preprocessing
2022-12-11 16:49:44,561:INFO:Declaring preprocessing parameters
2022-12-11 16:49:44,662:INFO:Creating preprocessing pipeline
2022-12-11 16:49:44,682:INFO:Preprocessing pipeline created successfully
2022-12-11 16:49:44,682:ERROR:(Process Exit): setup has been interupted with user command 'quit'. setup must rerun.
2022-12-11 16:49:44,683:INFO:Creating global containers
2022-12-11 16:49:44,684:INFO:Internal pipeline: Pipeline(memory=None, steps=[('empty_step', 'passthrough')], verbose=False)
2022-12-11 16:49:46,875:WARNING:Couldn't import catboost.CatBoostClassifier
2022-12-11 16:49:46,947:WARNING:Couldn't import catboost.CatBoostClassifier
2022-12-11 16:49:46,948:INFO:Creating grid variables
2022-12-11 16:49:46,968:INFO:create_model_container: 0
2022-12-11 16:49:46,968:INFO:master_model_container: 0
2022-12-11 16:49:46,968:INFO:display_container: 1
2022-12-11 16:49:46,976:INFO:Pipeline(memory=None,
         steps=[('dtypes',
                 DataTypes_Auto_infer(categorical_features=[],
                                      display_types=True, features_todrop=[],
                                      id_columns=['PassengerId'],
                                      ml_usecase='classification',
                                      numerical_features=[], target='Survived',
                                      time_features=[])),
                ('imputer',
                 Simple_Imputer(categorical_strategy='not_available',
                                fill_value_categorical=None,
                                fill_value_numerical=Non...
                ('scaling', 'passthrough'), ('P_transform', 'passthrough'),
                ('binn', 'passthrough'), ('rem_outliers', 'passthrough'),
                ('cluster_all', 'passthrough'),
                ('dummy', Dummify(target='Survived')),
                ('fix_perfect', Remove_100(target='Survived')),
                ('clean_names', Clean_Colum_Names()),
                ('feature_select', 'passthrough'), ('fix_multi', 'passthrough'),
                ('dfs', 'passthrough'), ('pca', 'passthrough')],
         verbose=False)
2022-12-11 16:49:46,976:INFO:setup() succesfully completed......................................
2022-12-11 16:52:46,927:INFO:PyCaret Supervised Module
2022-12-11 16:52:46,927:INFO:ML Usecase: classification
2022-12-11 16:52:46,927:INFO:version 2.3.10
2022-12-11 16:52:46,927:INFO:Initializing setup()
2022-12-11 16:52:46,927:INFO:setup(display=None, profile_kwargs=None, profile=False, verbose=True, silent=False, log_data=False, log_profile=False, log_plots=False, experiment_custom_tags=None, experiment_name=None, log_experiment=False, session_id=123, html=True, custom_pipeline=None, use_gpu=False, n_jobs=-1, fold_groups=None, fold_shuffle=False, fold=10, fold_strategy=stratifiedkfold, data_split_stratify=False, data_split_shuffle=True, transform_target_method=box-cox, transform_target=False, fix_imbalance_method=None, fix_imbalance=False, interaction_threshold=0.01, feature_ratio=False, feature_interaction=False, feature_selection_method=classic, feature_selection_threshold=0.8, feature_selection=False, group_names=None, group_features=None, polynomial_threshold=0.1, trigonometry_features=False, polynomial_degree=2, polynomial_features=False, cluster_iter=20, create_clusters=False, remove_perfect_collinearity=True, multicollinearity_threshold=0.9, remove_multicollinearity=False, outliers_threshold=0.05, remove_outliers=False, bin_numeric_features=None, rare_level_threshold=0.1, combine_rare_levels=False, ignore_low_variance=False, pca_components=None, pca_method=linear, pca=False, unknown_categorical_method=least_frequent, handle_unknown_categorical=True, transformation_method=yeo-johnson, transformation=False, normalize_method=zscore, normalize=False, ignore_features=None, date_features=None, numeric_iterative_imputer=lightgbm, numeric_imputation=mean, numeric_features=None, high_cardinality_method=frequency, high_cardinality_features=None, ordinal_features=None, categorical_iterative_imputer=lightgbm, categorical_imputation=constant, categorical_features=None, iterative_imputation_iters=5, imputation_type=simple, preprocess=True, test_data=None, train_size=0.7, available_plots={'parameter': 'Hyperparameters', 'auc': 'AUC', 'confusion_matrix': 'Confusion Matrix', 'threshold': 'Threshold', 'pr': 'Precision Recall', 'error': 'Prediction Error', 'class_report': 'Class Report', 'rfe': 'Feature Selection', 'learning': 'Learning Curve', 'manifold': 'Manifold Learning', 'calibration': 'Calibration Curve', 'vc': 'Validation Curve', 'dimension': 'Dimensions', 'feature': 'Feature Importance', 'feature_all': 'Feature Importance (All)', 'boundary': 'Decision Boundary', 'lift': 'Lift Chart', 'gain': 'Gain Chart', 'tree': 'Decision Tree', 'ks': 'KS Statistic Plot'}, ml_usecase=classification, target=Survived)
2022-12-11 16:52:46,927:INFO:Checking environment
2022-12-11 16:52:46,927:INFO:python_version: 3.6.13
2022-12-11 16:52:46,927:INFO:python_build: ('default', 'Jun  4 2021 14:25:59')
2022-12-11 16:52:46,927:INFO:machine: x86_64
2022-12-11 16:52:46,928:INFO:platform: Linux-5.4.0-58-generic-x86_64-with-debian-bullseye-sid
2022-12-11 16:52:46,929:WARNING:cannot find psutil installation. memory not traceable. Install psutil using pip to enable memory logging.
2022-12-11 16:52:46,929:INFO:Checking libraries
2022-12-11 16:52:46,929:INFO:pd==1.1.5
2022-12-11 16:52:46,929:INFO:numpy==1.19.5
2022-12-11 16:52:46,929:INFO:sklearn==0.24.2
2022-12-11 16:54:12,529:INFO:PyCaret Supervised Module
2022-12-11 16:54:12,529:INFO:ML Usecase: classification
2022-12-11 16:54:12,529:INFO:version 2.3.10
2022-12-11 16:54:12,529:INFO:Initializing setup()
2022-12-11 16:54:12,530:INFO:setup(display=None, profile_kwargs=None, profile=False, verbose=True, silent=False, log_data=False, log_profile=False, log_plots=False, experiment_custom_tags=None, experiment_name=None, log_experiment=False, session_id=123, html=True, custom_pipeline=None, use_gpu=False, n_jobs=-1, fold_groups=None, fold_shuffle=False, fold=10, fold_strategy=stratifiedkfold, data_split_stratify=False, data_split_shuffle=True, transform_target_method=box-cox, transform_target=False, fix_imbalance_method=None, fix_imbalance=False, interaction_threshold=0.01, feature_ratio=False, feature_interaction=False, feature_selection_method=classic, feature_selection_threshold=0.8, feature_selection=False, group_names=None, group_features=None, polynomial_threshold=0.1, trigonometry_features=False, polynomial_degree=2, polynomial_features=False, cluster_iter=20, create_clusters=False, remove_perfect_collinearity=True, multicollinearity_threshold=0.9, remove_multicollinearity=False, outliers_threshold=0.05, remove_outliers=False, bin_numeric_features=None, rare_level_threshold=0.1, combine_rare_levels=False, ignore_low_variance=False, pca_components=None, pca_method=linear, pca=False, unknown_categorical_method=least_frequent, handle_unknown_categorical=True, transformation_method=yeo-johnson, transformation=False, normalize_method=zscore, normalize=False, ignore_features=None, date_features=None, numeric_iterative_imputer=lightgbm, numeric_imputation=mean, numeric_features=None, high_cardinality_method=frequency, high_cardinality_features=None, ordinal_features=None, categorical_iterative_imputer=lightgbm, categorical_imputation=constant, categorical_features=None, iterative_imputation_iters=5, imputation_type=simple, preprocess=True, test_data=None, train_size=0.7, available_plots={'parameter': 'Hyperparameters', 'auc': 'AUC', 'confusion_matrix': 'Confusion Matrix', 'threshold': 'Threshold', 'pr': 'Precision Recall', 'error': 'Prediction Error', 'class_report': 'Class Report', 'rfe': 'Feature Selection', 'learning': 'Learning Curve', 'manifold': 'Manifold Learning', 'calibration': 'Calibration Curve', 'vc': 'Validation Curve', 'dimension': 'Dimensions', 'feature': 'Feature Importance', 'feature_all': 'Feature Importance (All)', 'boundary': 'Decision Boundary', 'lift': 'Lift Chart', 'gain': 'Gain Chart', 'tree': 'Decision Tree', 'ks': 'KS Statistic Plot'}, ml_usecase=classification, target=Survived)
2022-12-11 16:54:12,530:INFO:Checking environment
2022-12-11 16:54:12,530:INFO:python_version: 3.6.13
2022-12-11 16:54:12,530:INFO:python_build: ('default', 'Jun  4 2021 14:25:59')
2022-12-11 16:54:12,530:INFO:machine: x86_64
2022-12-11 16:54:12,531:INFO:platform: Linux-5.4.0-58-generic-x86_64-with-debian-bullseye-sid
2022-12-11 16:54:12,531:WARNING:cannot find psutil installation. memory not traceable. Install psutil using pip to enable memory logging.
2022-12-11 16:54:12,531:INFO:Checking libraries
2022-12-11 16:54:12,531:INFO:pd==1.1.5
2022-12-11 16:54:12,531:INFO:numpy==1.19.5
2022-12-11 16:54:12,531:INFO:sklearn==0.23.2
2022-12-11 16:54:12,531:INFO:lightgbm==3.3.3
2022-12-11 16:54:12,531:WARNING:catboost not found
2022-12-11 16:54:12,565:INFO:xgboost==1.5.2
2022-12-11 16:54:12,565:INFO:mlflow==1.23.1
2022-12-11 16:54:12,565:INFO:Checking Exceptions
2022-12-11 16:54:12,565:INFO:Declaring global variables
2022-12-11 16:54:12,566:INFO:USI: 995c
2022-12-11 16:54:12,566:INFO:pycaret_globals: {'master_model_container', 'stratify_param', 'y', 'imputation_regressor', 'html_param', 'logging_param', 'iterative_imputation_iters_param', 'target_param', 'fold_groups_param_full', 'USI', '_all_models', 'X', 'create_model_container', 'transform_target_param', 'fix_imbalance_param', '_all_metrics', '_ml_usecase', 'experiment__', '_all_models_internal', '_available_plots', 'fold_shuffle_param', 'pycaret_globals', 'y_test', 'n_jobs_param', 'imputation_classifier', 'seed', 'transform_target_method_param', 'data_before_preprocess', 'dashboard_logger', 'fold_generator', 'prep_pipe', 'fold_param', 'log_plots_param', 'X_test', 'display_container', '_internal_pipeline', 'exp_name_log', 'gpu_param', 'fold_groups_param', 'y_train', '_gpu_n_jobs_param', 'X_train', 'fix_imbalance_method_param'}
2022-12-11 16:54:12,566:INFO:Preparing display monitor
2022-12-11 16:54:12,566:INFO:Preparing display monitor
2022-12-11 16:54:12,602:INFO:Importing libraries
2022-12-11 16:54:12,602:INFO:Copying data for preprocessing
2022-12-11 16:54:12,618:INFO:Declaring preprocessing parameters
2022-12-11 16:54:12,716:INFO:Creating preprocessing pipeline
2022-12-11 16:54:12,731:INFO:Preprocessing pipeline created successfully
2022-12-11 16:54:12,731:ERROR:(Process Exit): setup has been interupted with user command 'quit'. setup must rerun.
2022-12-11 16:54:12,731:INFO:Creating global containers
2022-12-11 16:54:12,733:INFO:Internal pipeline: Pipeline(memory=None, steps=[('empty_step', 'passthrough')], verbose=False)
2022-12-11 16:54:15,107:WARNING:Couldn't import catboost.CatBoostClassifier
2022-12-11 16:54:15,178:WARNING:Couldn't import catboost.CatBoostClassifier
2022-12-11 16:54:15,178:INFO:Creating grid variables
2022-12-11 16:54:15,201:INFO:create_model_container: 0
2022-12-11 16:54:15,201:INFO:master_model_container: 0
2022-12-11 16:54:15,201:INFO:display_container: 1
2022-12-11 16:54:15,211:INFO:Pipeline(memory=None,
         steps=[('dtypes',
                 DataTypes_Auto_infer(categorical_features=[],
                                      display_types=True, features_todrop=[],
                                      id_columns=['PassengerId'],
                                      ml_usecase='classification',
                                      numerical_features=[], target='Survived',
                                      time_features=[])),
                ('imputer',
                 Simple_Imputer(categorical_strategy='not_available',
                                fill_value_categorical=None,
                                fill_value_numerical=Non...
                ('scaling', 'passthrough'), ('P_transform', 'passthrough'),
                ('binn', 'passthrough'), ('rem_outliers', 'passthrough'),
                ('cluster_all', 'passthrough'),
                ('dummy', Dummify(target='Survived')),
                ('fix_perfect', Remove_100(target='Survived')),
                ('clean_names', Clean_Colum_Names()),
                ('feature_select', 'passthrough'), ('fix_multi', 'passthrough'),
                ('dfs', 'passthrough'), ('pca', 'passthrough')],
         verbose=False)
2022-12-11 16:54:15,211:INFO:setup() succesfully completed......................................
2022-12-17 15:45:20,973:INFO:PyCaret Supervised Module
2022-12-17 15:45:20,973:INFO:ML Usecase: classification
2022-12-17 15:45:20,973:INFO:version 2.3.10
2022-12-17 15:45:20,973:INFO:Initializing setup()
2022-12-17 15:45:20,973:INFO:setup(target=Survived, ml_usecase=classification, available_plots={'parameter': 'Hyperparameters', 'auc': 'AUC', 'confusion_matrix': 'Confusion Matrix', 'threshold': 'Threshold', 'pr': 'Precision Recall', 'error': 'Prediction Error', 'class_report': 'Class Report', 'rfe': 'Feature Selection', 'learning': 'Learning Curve', 'manifold': 'Manifold Learning', 'calibration': 'Calibration Curve', 'vc': 'Validation Curve', 'dimension': 'Dimensions', 'feature': 'Feature Importance', 'feature_all': 'Feature Importance (All)', 'boundary': 'Decision Boundary', 'lift': 'Lift Chart', 'gain': 'Gain Chart', 'tree': 'Decision Tree', 'ks': 'KS Statistic Plot'}, train_size=0.7, test_data=None, preprocess=True, imputation_type=simple, iterative_imputation_iters=5, categorical_features=None, categorical_imputation=constant, categorical_iterative_imputer=lightgbm, ordinal_features=None, high_cardinality_features=None, high_cardinality_method=frequency, numeric_features=None, numeric_imputation=mean, numeric_iterative_imputer=lightgbm, date_features=None, ignore_features=None, normalize=False, normalize_method=zscore, transformation=False, transformation_method=yeo-johnson, handle_unknown_categorical=True, unknown_categorical_method=least_frequent, pca=False, pca_method=linear, pca_components=None, ignore_low_variance=False, combine_rare_levels=False, rare_level_threshold=0.1, bin_numeric_features=None, remove_outliers=False, outliers_threshold=0.05, remove_multicollinearity=False, multicollinearity_threshold=0.9, remove_perfect_collinearity=True, create_clusters=False, cluster_iter=20, polynomial_features=False, polynomial_degree=2, trigonometry_features=False, polynomial_threshold=0.1, group_features=None, group_names=None, feature_selection=False, feature_selection_threshold=0.8, feature_selection_method=classic, feature_interaction=False, feature_ratio=False, interaction_threshold=0.01, fix_imbalance=False, fix_imbalance_method=None, transform_target=False, transform_target_method=box-cox, data_split_shuffle=True, data_split_stratify=False, fold_strategy=stratifiedkfold, fold=10, fold_shuffle=False, fold_groups=None, n_jobs=-1, use_gpu=False, custom_pipeline=None, html=True, session_id=123, log_experiment=False, experiment_name=None, experiment_custom_tags=None, log_plots=False, log_profile=False, log_data=False, silent=False, verbose=True, profile=False, profile_kwargs=None, display=None)
2022-12-17 15:45:20,973:INFO:Checking environment
2022-12-17 15:45:20,973:INFO:python_version: 3.8.15
2022-12-17 15:45:20,973:INFO:python_build: ('default', 'Nov 24 2022 15:19:38')
2022-12-17 15:45:20,973:INFO:machine: x86_64
2022-12-17 15:45:20,973:INFO:platform: Linux-5.15.0-57-generic-x86_64-with-glibc2.17
2022-12-17 15:45:20,973:INFO:Memory: svmem(total=16526303232, available=12439887872, percent=24.7, used=3485736960, free=4882460672, active=1886355456, inactive=8049082368, buffers=508657664, cached=7649447936, shared=256749568, slab=1213489152)
2022-12-17 15:45:20,974:INFO:Physical Core: 6
2022-12-17 15:45:20,974:INFO:Logical Core: 12
2022-12-17 15:45:20,974:INFO:Checking libraries
2022-12-17 15:45:20,974:INFO:pd==1.5.2
2022-12-17 15:45:20,974:INFO:numpy==1.20.3
2022-12-17 15:45:20,974:INFO:sklearn==0.23.2
2022-12-17 15:45:20,974:INFO:lightgbm==3.3.3
2022-12-17 15:45:20,974:WARNING:catboost not found
2022-12-17 15:45:20,974:WARNING:xgboost not found
2022-12-17 15:45:20,974:INFO:mlflow==2.0.1
2022-12-17 15:45:20,974:INFO:Checking Exceptions
2022-12-17 15:45:20,975:INFO:Declaring global variables
2022-12-17 15:45:20,975:INFO:USI: 42ab
2022-12-17 15:45:20,975:INFO:pycaret_globals: {'_gpu_n_jobs_param', 'gpu_param', 'USI', 'experiment__', 'iterative_imputation_iters_param', 'X_train', 'html_param', 'transform_target_method_param', 'fold_param', '_all_models_internal', 'imputation_regressor', 'transform_target_param', 'fold_shuffle_param', 'prep_pipe', 'pycaret_globals', 'seed', 'dashboard_logger', 'master_model_container', 'display_container', 'stratify_param', 'y_test', '_available_plots', 'fix_imbalance_param', 'fold_groups_param_full', 'create_model_container', 'X', '_all_metrics', 'y_train', 'data_before_preprocess', '_internal_pipeline', 'fix_imbalance_method_param', 'X_test', 'n_jobs_param', '_all_models', 'imputation_classifier', '_ml_usecase', 'y', 'log_plots_param', 'fold_generator', 'exp_name_log', 'target_param', 'logging_param', 'fold_groups_param'}
2022-12-17 15:45:20,975:INFO:Preparing display monitor
2022-12-17 15:45:20,975:INFO:Preparing display monitor
2022-12-17 15:45:20,982:INFO:Importing libraries
2022-12-17 15:45:20,982:INFO:Copying data for preprocessing
2022-12-17 15:45:20,989:INFO:Declaring preprocessing parameters
2022-12-17 15:45:20,992:INFO:Creating preprocessing pipeline
2022-12-17 15:45:20,998:INFO:Preprocessing pipeline created successfully
2022-12-17 15:45:20,998:ERROR:(Process Exit): setup has been interupted with user command 'quit'. setup must rerun.
2022-12-17 15:45:20,999:INFO:Creating global containers
2022-12-17 15:45:20,999:INFO:Internal pipeline: Pipeline(memory=None, steps=[('empty_step', 'passthrough')], verbose=False)
2022-12-17 15:46:39,032:INFO:PyCaret Supervised Module
2022-12-17 15:46:39,032:INFO:ML Usecase: classification
2022-12-17 15:46:39,032:INFO:version 2.3.10
2022-12-17 15:46:39,032:INFO:Initializing setup()
2022-12-17 15:46:39,032:INFO:setup(target=Survived, ml_usecase=classification, available_plots={'parameter': 'Hyperparameters', 'auc': 'AUC', 'confusion_matrix': 'Confusion Matrix', 'threshold': 'Threshold', 'pr': 'Precision Recall', 'error': 'Prediction Error', 'class_report': 'Class Report', 'rfe': 'Feature Selection', 'learning': 'Learning Curve', 'manifold': 'Manifold Learning', 'calibration': 'Calibration Curve', 'vc': 'Validation Curve', 'dimension': 'Dimensions', 'feature': 'Feature Importance', 'feature_all': 'Feature Importance (All)', 'boundary': 'Decision Boundary', 'lift': 'Lift Chart', 'gain': 'Gain Chart', 'tree': 'Decision Tree', 'ks': 'KS Statistic Plot'}, train_size=0.7, test_data=None, preprocess=True, imputation_type=simple, iterative_imputation_iters=5, categorical_features=None, categorical_imputation=constant, categorical_iterative_imputer=lightgbm, ordinal_features=None, high_cardinality_features=None, high_cardinality_method=frequency, numeric_features=None, numeric_imputation=mean, numeric_iterative_imputer=lightgbm, date_features=None, ignore_features=None, normalize=False, normalize_method=zscore, transformation=False, transformation_method=yeo-johnson, handle_unknown_categorical=True, unknown_categorical_method=least_frequent, pca=False, pca_method=linear, pca_components=None, ignore_low_variance=False, combine_rare_levels=False, rare_level_threshold=0.1, bin_numeric_features=None, remove_outliers=False, outliers_threshold=0.05, remove_multicollinearity=False, multicollinearity_threshold=0.9, remove_perfect_collinearity=True, create_clusters=False, cluster_iter=20, polynomial_features=False, polynomial_degree=2, trigonometry_features=False, polynomial_threshold=0.1, group_features=None, group_names=None, feature_selection=False, feature_selection_threshold=0.8, feature_selection_method=classic, feature_interaction=False, feature_ratio=False, interaction_threshold=0.01, fix_imbalance=False, fix_imbalance_method=None, transform_target=False, transform_target_method=box-cox, data_split_shuffle=True, data_split_stratify=False, fold_strategy=stratifiedkfold, fold=10, fold_shuffle=False, fold_groups=None, n_jobs=-1, use_gpu=True, custom_pipeline=None, html=True, session_id=123, log_experiment=False, experiment_name=None, experiment_custom_tags=None, log_plots=False, log_profile=False, log_data=False, silent=False, verbose=True, profile=False, profile_kwargs=None, display=None)
2022-12-17 15:46:39,032:INFO:Checking environment
2022-12-17 15:46:39,032:INFO:python_version: 3.8.15
2022-12-17 15:46:39,032:INFO:python_build: ('default', 'Nov 24 2022 15:19:38')
2022-12-17 15:46:39,032:INFO:machine: x86_64
2022-12-17 15:46:39,032:INFO:platform: Linux-5.15.0-57-generic-x86_64-with-glibc2.17
2022-12-17 15:46:39,033:INFO:Memory: svmem(total=16526303232, available=12364087296, percent=25.2, used=3558858752, free=4342059008, active=2133770240, inactive=8230187008, buffers=509214720, cached=8116170752, shared=260268032, slab=1301938176)
2022-12-17 15:46:39,033:INFO:Physical Core: 6
2022-12-17 15:46:39,033:INFO:Logical Core: 12
2022-12-17 15:46:39,033:INFO:Checking libraries
2022-12-17 15:46:39,033:INFO:pd==1.5.2
2022-12-17 15:46:39,033:INFO:numpy==1.20.3
2022-12-17 15:46:39,033:INFO:sklearn==0.23.2
2022-12-17 15:46:39,033:INFO:lightgbm==3.3.3
2022-12-17 15:46:39,033:WARNING:catboost not found
2022-12-17 15:46:39,033:WARNING:xgboost not found
2022-12-17 15:46:39,034:INFO:mlflow==2.0.1
2022-12-17 15:46:39,034:INFO:Checking Exceptions
2022-12-17 15:46:39,034:INFO:Declaring global variables
2022-12-17 15:46:39,034:INFO:USI: e3a9
2022-12-17 15:46:39,034:INFO:pycaret_globals: {'fold_groups_param_full', 'pycaret_globals', '_ml_usecase', 'X_test', 'transform_target_param', '_all_models_internal', 'stratify_param', 'data_before_preprocess', 'n_jobs_param', 'dashboard_logger', 'target_param', '_all_models', '_available_plots', 'log_plots_param', 'gpu_param', 'fold_param', 'fix_imbalance_method_param', 'y_train', 'fold_groups_param', 'USI', 'logging_param', 'fix_imbalance_param', 'create_model_container', 'y', 'experiment__', 'fold_shuffle_param', 'prep_pipe', 'X', 'seed', 'imputation_regressor', 'exp_name_log', 'display_container', 'master_model_container', 'y_test', 'X_train', 'fold_generator', '_gpu_n_jobs_param', '_all_metrics', 'imputation_classifier', '_internal_pipeline', 'iterative_imputation_iters_param', 'transform_target_method_param', 'html_param'}
2022-12-17 15:46:39,034:INFO:Preparing display monitor
2022-12-17 15:46:39,034:INFO:Preparing display monitor
2022-12-17 15:46:39,041:INFO:Importing libraries
2022-12-17 15:46:39,041:INFO:Copying data for preprocessing
2022-12-17 15:46:39,046:INFO:Declaring preprocessing parameters
2022-12-17 15:46:39,046:WARNING:cuML not found
2022-12-17 15:46:39,046:WARNING:cuML is outdated or not found. Required version is >=0.15, got 3.3.3
2022-12-17 15:46:39,047:INFO:Creating preprocessing pipeline
2022-12-17 15:46:39,052:INFO:Preprocessing pipeline created successfully
2022-12-17 15:46:39,052:ERROR:(Process Exit): setup has been interupted with user command 'quit'. setup must rerun.
2022-12-17 15:46:39,052:INFO:Creating global containers
2022-12-17 15:46:39,053:INFO:Internal pipeline: Pipeline(memory=None, steps=[('empty_step', 'passthrough')], verbose=False)
2022-12-17 15:46:39,739:WARNING:Couldn't import cuml.linear_model.LogisticRegression
2022-12-17 15:46:39,773:WARNING:Couldn't import cuml.neighbors.KNeighborsClassifier
2022-12-17 15:46:39,776:WARNING:Couldn't import cuml.MBSGDClassifier
2022-12-17 15:46:39,776:WARNING:Couldn't import cuml.svm.SVC
2022-12-17 15:46:39,796:WARNING:Couldn't import cuml.linear_model
2022-12-17 15:46:39,799:WARNING:Couldn't import cuml.ensemble
2022-12-17 15:46:39,803:WARNING:Couldn't import xgboost.XGBClassifier
2022-12-17 15:46:39,819:WARNING:Couldn't import catboost.CatBoostClassifier
2022-12-17 15:46:39,820:WARNING:Couldn't import cuml.linear_model.LogisticRegression
2022-12-17 15:46:39,856:WARNING:Couldn't import cuml.neighbors.KNeighborsClassifier
2022-12-17 15:46:39,856:WARNING:Couldn't import cuml.MBSGDClassifier
2022-12-17 15:46:39,857:WARNING:Couldn't import cuml.svm.SVC
2022-12-17 15:46:39,873:WARNING:Couldn't import cuml.linear_model
2022-12-17 15:46:39,876:WARNING:Couldn't import cuml.ensemble
2022-12-17 15:46:39,877:WARNING:Couldn't import xgboost.XGBClassifier
2022-12-17 15:46:39,881:WARNING:Couldn't import catboost.CatBoostClassifier
2022-12-17 15:46:39,881:INFO:Creating grid variables
2022-12-17 15:46:39,894:INFO:create_model_container: 0
2022-12-17 15:46:39,894:INFO:master_model_container: 0
2022-12-17 15:46:39,894:INFO:display_container: 1
2022-12-17 15:46:39,897:INFO:Pipeline(memory=None,
         steps=[('dtypes',
                 DataTypes_Auto_infer(categorical_features=[],
                                      display_types=True, features_todrop=[],
                                      id_columns=['PassengerId'],
                                      ml_usecase='classification',
                                      numerical_features=[], target='Survived',
                                      time_features=[])),
                ('imputer',
                 Simple_Imputer(categorical_strategy='not_available',
                                fill_value_categorical=None,
                                fill_value_numerical=Non...
                ('scaling', 'passthrough'), ('P_transform', 'passthrough'),
                ('binn', 'passthrough'), ('rem_outliers', 'passthrough'),
                ('cluster_all', 'passthrough'),
                ('dummy', Dummify(target='Survived')),
                ('fix_perfect', Remove_100(target='Survived')),
                ('clean_names', Clean_Colum_Names()),
                ('feature_select', 'passthrough'), ('fix_multi', 'passthrough'),
                ('dfs', 'passthrough'), ('pca', 'passthrough')],
         verbose=False)
2022-12-17 15:46:39,897:INFO:setup() succesfully completed......................................
2022-12-17 15:47:07,495:INFO:PyCaret Supervised Module
2022-12-17 15:47:07,495:INFO:ML Usecase: classification
2022-12-17 15:47:07,495:INFO:version 2.3.10
2022-12-17 15:47:07,495:INFO:Initializing setup()
2022-12-17 15:47:07,495:INFO:setup(target=Survived, ml_usecase=classification, available_plots={'parameter': 'Hyperparameters', 'auc': 'AUC', 'confusion_matrix': 'Confusion Matrix', 'threshold': 'Threshold', 'pr': 'Precision Recall', 'error': 'Prediction Error', 'class_report': 'Class Report', 'rfe': 'Feature Selection', 'learning': 'Learning Curve', 'manifold': 'Manifold Learning', 'calibration': 'Calibration Curve', 'vc': 'Validation Curve', 'dimension': 'Dimensions', 'feature': 'Feature Importance', 'feature_all': 'Feature Importance (All)', 'boundary': 'Decision Boundary', 'lift': 'Lift Chart', 'gain': 'Gain Chart', 'tree': 'Decision Tree', 'ks': 'KS Statistic Plot'}, train_size=0.7, test_data=None, preprocess=True, imputation_type=simple, iterative_imputation_iters=5, categorical_features=None, categorical_imputation=constant, categorical_iterative_imputer=lightgbm, ordinal_features=None, high_cardinality_features=None, high_cardinality_method=frequency, numeric_features=None, numeric_imputation=mean, numeric_iterative_imputer=lightgbm, date_features=None, ignore_features=None, normalize=False, normalize_method=zscore, transformation=False, transformation_method=yeo-johnson, handle_unknown_categorical=True, unknown_categorical_method=least_frequent, pca=False, pca_method=linear, pca_components=None, ignore_low_variance=False, combine_rare_levels=False, rare_level_threshold=0.1, bin_numeric_features=None, remove_outliers=False, outliers_threshold=0.05, remove_multicollinearity=False, multicollinearity_threshold=0.9, remove_perfect_collinearity=True, create_clusters=False, cluster_iter=20, polynomial_features=False, polynomial_degree=2, trigonometry_features=False, polynomial_threshold=0.1, group_features=None, group_names=None, feature_selection=False, feature_selection_threshold=0.8, feature_selection_method=classic, feature_interaction=False, feature_ratio=False, interaction_threshold=0.01, fix_imbalance=False, fix_imbalance_method=None, transform_target=False, transform_target_method=box-cox, data_split_shuffle=True, data_split_stratify=False, fold_strategy=stratifiedkfold, fold=10, fold_shuffle=False, fold_groups=None, n_jobs=-1, use_gpu=True, custom_pipeline=None, html=True, session_id=123, log_experiment=False, experiment_name=None, experiment_custom_tags=None, log_plots=False, log_profile=False, log_data=False, silent=True, verbose=True, profile=False, profile_kwargs=None, display=None)
2022-12-17 15:47:07,495:INFO:Checking environment
2022-12-17 15:47:07,495:INFO:python_version: 3.8.15
2022-12-17 15:47:07,495:INFO:python_build: ('default', 'Nov 24 2022 15:19:38')
2022-12-17 15:47:07,495:INFO:machine: x86_64
2022-12-17 15:47:07,495:INFO:platform: Linux-5.15.0-57-generic-x86_64-with-glibc2.17
2022-12-17 15:47:07,495:INFO:Memory: svmem(total=16526303232, available=12313423872, percent=25.5, used=3593330688, free=4227444736, active=2237132800, inactive=8248549376, buffers=509366272, cached=8196161536, shared=276459520, slab=1304424448)
2022-12-17 15:47:07,496:INFO:Physical Core: 6
2022-12-17 15:47:07,496:INFO:Logical Core: 12
2022-12-17 15:47:07,496:INFO:Checking libraries
2022-12-17 15:47:07,496:INFO:pd==1.5.2
2022-12-17 15:47:07,496:INFO:numpy==1.20.3
2022-12-17 15:47:07,496:INFO:sklearn==0.23.2
2022-12-17 15:47:07,496:INFO:lightgbm==3.3.3
2022-12-17 15:47:07,496:WARNING:catboost not found
2022-12-17 15:47:07,496:WARNING:xgboost not found
2022-12-17 15:47:07,496:INFO:mlflow==2.0.1
2022-12-17 15:47:07,496:INFO:Checking Exceptions
2022-12-17 15:47:07,497:INFO:Declaring global variables
2022-12-17 15:47:07,497:INFO:USI: 59a4
2022-12-17 15:47:07,497:INFO:pycaret_globals: {'n_jobs_param', 'iterative_imputation_iters_param', 'prep_pipe', 'fold_groups_param', 'gpu_param', '_all_models_internal', 'target_param', 'logging_param', '_ml_usecase', 'X', '_all_models', 'experiment__', 'fold_groups_param_full', '_gpu_n_jobs_param', 'dashboard_logger', '_internal_pipeline', 'USI', 'fold_shuffle_param', '_available_plots', 'transform_target_method_param', 'data_before_preprocess', 'exp_name_log', 'master_model_container', 'imputation_classifier', 'pycaret_globals', 'stratify_param', '_all_metrics', 'imputation_regressor', 'X_test', 'transform_target_param', 'y_test', 'y_train', 'fix_imbalance_method_param', 'fold_generator', 'display_container', 'fix_imbalance_param', 'y', 'log_plots_param', 'X_train', 'seed', 'html_param', 'fold_param', 'create_model_container'}
2022-12-17 15:47:07,497:INFO:Preparing display monitor
2022-12-17 15:47:07,497:INFO:Preparing display monitor
2022-12-17 15:47:07,504:INFO:Importing libraries
2022-12-17 15:47:07,504:INFO:Copying data for preprocessing
2022-12-17 15:47:07,509:INFO:Declaring preprocessing parameters
2022-12-17 15:47:07,509:WARNING:cuML not found
2022-12-17 15:47:07,509:WARNING:cuML is outdated or not found. Required version is >=0.15, got 3.3.3
2022-12-17 15:47:07,510:INFO:Creating preprocessing pipeline
2022-12-17 15:47:07,514:INFO:Preprocessing pipeline created successfully
2022-12-17 15:47:07,514:ERROR:(Process Exit): setup has been interupted with user command 'quit'. setup must rerun.
2022-12-17 15:47:07,514:INFO:Creating global containers
2022-12-17 15:47:07,515:INFO:Internal pipeline: Pipeline(memory=None, steps=[('empty_step', 'passthrough')], verbose=False)
2022-12-17 15:47:08,121:WARNING:Couldn't import cuml.linear_model.LogisticRegression
2022-12-17 15:47:08,152:WARNING:Couldn't import cuml.neighbors.KNeighborsClassifier
2022-12-17 15:47:08,154:WARNING:Couldn't import cuml.MBSGDClassifier
2022-12-17 15:47:08,154:WARNING:Couldn't import cuml.svm.SVC
2022-12-17 15:47:08,171:WARNING:Couldn't import cuml.linear_model
2022-12-17 15:47:08,175:WARNING:Couldn't import cuml.ensemble
2022-12-17 15:47:08,177:WARNING:Couldn't import xgboost.XGBClassifier
2022-12-17 15:47:08,185:WARNING:Couldn't import catboost.CatBoostClassifier
2022-12-17 15:47:08,185:WARNING:Couldn't import cuml.linear_model.LogisticRegression
2022-12-17 15:47:08,221:WARNING:Couldn't import cuml.neighbors.KNeighborsClassifier
2022-12-17 15:47:08,222:WARNING:Couldn't import cuml.MBSGDClassifier
2022-12-17 15:47:08,222:WARNING:Couldn't import cuml.svm.SVC
2022-12-17 15:47:08,238:WARNING:Couldn't import cuml.linear_model
2022-12-17 15:47:08,242:WARNING:Couldn't import cuml.ensemble
2022-12-17 15:47:08,243:WARNING:Couldn't import xgboost.XGBClassifier
2022-12-17 15:47:08,246:WARNING:Couldn't import catboost.CatBoostClassifier
2022-12-17 15:47:08,246:INFO:Creating grid variables
2022-12-17 15:47:08,256:INFO:create_model_container: 0
2022-12-17 15:47:08,256:INFO:master_model_container: 0
2022-12-17 15:47:08,256:INFO:display_container: 1
2022-12-17 15:47:08,259:INFO:Pipeline(memory=None,
         steps=[('dtypes',
                 DataTypes_Auto_infer(categorical_features=[],
                                      display_types=False, features_todrop=[],
                                      id_columns=['PassengerId'],
                                      ml_usecase='classification',
                                      numerical_features=[], target='Survived',
                                      time_features=[])),
                ('imputer',
                 Simple_Imputer(categorical_strategy='not_available',
                                fill_value_categorical=None,
                                fill_value_numerical=No...
                ('scaling', 'passthrough'), ('P_transform', 'passthrough'),
                ('binn', 'passthrough'), ('rem_outliers', 'passthrough'),
                ('cluster_all', 'passthrough'),
                ('dummy', Dummify(target='Survived')),
                ('fix_perfect', Remove_100(target='Survived')),
                ('clean_names', Clean_Colum_Names()),
                ('feature_select', 'passthrough'), ('fix_multi', 'passthrough'),
                ('dfs', 'passthrough'), ('pca', 'passthrough')],
         verbose=False)
2022-12-17 15:47:08,260:INFO:setup() succesfully completed......................................
2022-12-17 16:18:04,978:INFO:PyCaret Supervised Module
2022-12-17 16:18:04,978:INFO:ML Usecase: classification
2022-12-17 16:18:04,978:INFO:version 2.3.10
2022-12-17 16:18:04,978:INFO:Initializing setup()
2022-12-17 16:18:04,978:INFO:setup(target=Survived, ml_usecase=classification, available_plots={'parameter': 'Hyperparameters', 'auc': 'AUC', 'confusion_matrix': 'Confusion Matrix', 'threshold': 'Threshold', 'pr': 'Precision Recall', 'error': 'Prediction Error', 'class_report': 'Class Report', 'rfe': 'Feature Selection', 'learning': 'Learning Curve', 'manifold': 'Manifold Learning', 'calibration': 'Calibration Curve', 'vc': 'Validation Curve', 'dimension': 'Dimensions', 'feature': 'Feature Importance', 'feature_all': 'Feature Importance (All)', 'boundary': 'Decision Boundary', 'lift': 'Lift Chart', 'gain': 'Gain Chart', 'tree': 'Decision Tree', 'ks': 'KS Statistic Plot'}, train_size=0.7, test_data=None, preprocess=True, imputation_type=simple, iterative_imputation_iters=5, categorical_features=None, categorical_imputation=constant, categorical_iterative_imputer=lightgbm, ordinal_features=None, high_cardinality_features=None, high_cardinality_method=frequency, numeric_features=None, numeric_imputation=mean, numeric_iterative_imputer=lightgbm, date_features=None, ignore_features=None, normalize=False, normalize_method=zscore, transformation=False, transformation_method=yeo-johnson, handle_unknown_categorical=True, unknown_categorical_method=least_frequent, pca=False, pca_method=linear, pca_components=None, ignore_low_variance=False, combine_rare_levels=False, rare_level_threshold=0.1, bin_numeric_features=None, remove_outliers=False, outliers_threshold=0.05, remove_multicollinearity=False, multicollinearity_threshold=0.9, remove_perfect_collinearity=True, create_clusters=False, cluster_iter=20, polynomial_features=False, polynomial_degree=2, trigonometry_features=False, polynomial_threshold=0.1, group_features=None, group_names=None, feature_selection=False, feature_selection_threshold=0.8, feature_selection_method=classic, feature_interaction=False, feature_ratio=False, interaction_threshold=0.01, fix_imbalance=False, fix_imbalance_method=None, transform_target=False, transform_target_method=box-cox, data_split_shuffle=True, data_split_stratify=False, fold_strategy=stratifiedkfold, fold=10, fold_shuffle=False, fold_groups=None, n_jobs=-1, use_gpu=True, custom_pipeline=None, html=True, session_id=123, log_experiment=False, experiment_name=None, experiment_custom_tags=None, log_plots=False, log_profile=False, log_data=False, silent=True, verbose=True, profile=False, profile_kwargs=None, display=None)
2022-12-17 16:18:04,978:INFO:Checking environment
2022-12-17 16:18:04,978:INFO:python_version: 3.8.15
2022-12-17 16:18:04,978:INFO:python_build: ('default', 'Nov 24 2022 15:19:38')
2022-12-17 16:18:04,978:INFO:machine: x86_64
2022-12-17 16:18:04,978:INFO:platform: Linux-5.15.0-57-generic-x86_64-with-glibc2.17
2022-12-17 16:18:04,978:INFO:Memory: svmem(total=16526303232, available=12258729984, percent=25.8, used=3659124736, free=519720960, active=3400724480, inactive=10638753792, buffers=604672000, cached=11742785536, shared=261136384, slab=1571586048)
2022-12-17 16:18:04,979:INFO:Physical Core: 6
2022-12-17 16:18:04,979:INFO:Logical Core: 12
2022-12-17 16:18:04,979:INFO:Checking libraries
2022-12-17 16:18:04,979:INFO:pd==1.5.2
2022-12-17 16:18:04,979:INFO:numpy==1.20.3
2022-12-17 16:18:04,979:INFO:sklearn==0.23.2
2022-12-17 16:18:04,979:INFO:lightgbm==3.3.3
2022-12-17 16:18:04,979:WARNING:catboost not found
2022-12-17 16:18:04,993:INFO:xgboost==1.7.2
2022-12-17 16:18:04,993:INFO:mlflow==2.0.1
2022-12-17 16:18:04,993:INFO:Checking Exceptions
2022-12-17 16:18:04,993:INFO:Declaring global variables
2022-12-17 16:18:04,993:INFO:USI: 6228
2022-12-17 16:18:04,993:INFO:pycaret_globals: {'_all_metrics', 'X_train', '_ml_usecase', 'X_test', '_available_plots', '_all_models_internal', 'exp_name_log', '_gpu_n_jobs_param', 'fold_param', 'create_model_container', 'log_plots_param', 'fold_groups_param_full', 'y_test', 'prep_pipe', 'n_jobs_param', 'iterative_imputation_iters_param', 'transform_target_method_param', '_all_models', 'fold_generator', 'stratify_param', 'imputation_classifier', 'fold_shuffle_param', 'y', 'data_before_preprocess', 'pycaret_globals', 'fix_imbalance_param', '_internal_pipeline', 'fix_imbalance_method_param', 'master_model_container', 'target_param', 'html_param', 'X', 'dashboard_logger', 'y_train', 'experiment__', 'logging_param', 'USI', 'transform_target_param', 'gpu_param', 'imputation_regressor', 'display_container', 'seed', 'fold_groups_param'}
2022-12-17 16:18:04,993:INFO:Preparing display monitor
2022-12-17 16:18:04,993:INFO:Preparing display monitor
2022-12-17 16:18:05,002:INFO:Importing libraries
2022-12-17 16:18:05,002:INFO:Copying data for preprocessing
2022-12-17 16:18:05,008:INFO:Declaring preprocessing parameters
2022-12-17 16:18:05,008:WARNING:cuML not found
2022-12-17 16:18:05,008:WARNING:cuML is outdated or not found. Required version is >=0.15, got 1.7.2
2022-12-17 16:18:05,009:INFO:Creating preprocessing pipeline
2022-12-17 16:18:05,014:INFO:Preprocessing pipeline created successfully
2022-12-17 16:18:05,015:ERROR:(Process Exit): setup has been interupted with user command 'quit'. setup must rerun.
2022-12-17 16:18:05,015:INFO:Creating global containers
2022-12-17 16:18:05,016:INFO:Internal pipeline: Pipeline(memory=None, steps=[('empty_step', 'passthrough')], verbose=False)
2022-12-17 16:18:05,769:WARNING:Couldn't import cuml.linear_model.LogisticRegression
2022-12-17 16:18:05,809:WARNING:Couldn't import cuml.neighbors.KNeighborsClassifier
2022-12-17 16:18:05,810:WARNING:Couldn't import cuml.MBSGDClassifier
2022-12-17 16:18:05,811:WARNING:Couldn't import cuml.svm.SVC
2022-12-17 16:18:05,834:WARNING:Couldn't import cuml.linear_model
2022-12-17 16:18:05,838:WARNING:Couldn't import cuml.ensemble
2022-12-17 16:18:05,852:WARNING:Couldn't import catboost.CatBoostClassifier
2022-12-17 16:18:05,853:WARNING:Couldn't import cuml.linear_model.LogisticRegression
2022-12-17 16:18:05,909:WARNING:Couldn't import cuml.neighbors.KNeighborsClassifier
2022-12-17 16:18:05,910:WARNING:Couldn't import cuml.MBSGDClassifier
2022-12-17 16:18:05,911:WARNING:Couldn't import cuml.svm.SVC
2022-12-17 16:18:05,934:WARNING:Couldn't import cuml.linear_model
2022-12-17 16:18:05,939:WARNING:Couldn't import cuml.ensemble
2022-12-17 16:18:05,945:WARNING:Couldn't import catboost.CatBoostClassifier
2022-12-17 16:18:05,946:INFO:Creating grid variables
2022-12-17 16:18:05,961:INFO:create_model_container: 0
2022-12-17 16:18:05,962:INFO:master_model_container: 0
2022-12-17 16:18:05,962:INFO:display_container: 1
2022-12-17 16:18:05,969:INFO:Pipeline(memory=None,
         steps=[('dtypes',
                 DataTypes_Auto_infer(categorical_features=[],
                                      display_types=False, features_todrop=[],
                                      id_columns=['PassengerId'],
                                      ml_usecase='classification',
                                      numerical_features=[], target='Survived',
                                      time_features=[])),
                ('imputer',
                 Simple_Imputer(categorical_strategy='not_available',
                                fill_value_categorical=None,
                                fill_value_numerical=No...
                ('scaling', 'passthrough'), ('P_transform', 'passthrough'),
                ('binn', 'passthrough'), ('rem_outliers', 'passthrough'),
                ('cluster_all', 'passthrough'),
                ('dummy', Dummify(target='Survived')),
                ('fix_perfect', Remove_100(target='Survived')),
                ('clean_names', Clean_Colum_Names()),
                ('feature_select', 'passthrough'), ('fix_multi', 'passthrough'),
                ('dfs', 'passthrough'), ('pca', 'passthrough')],
         verbose=False)
2022-12-17 16:18:05,969:INFO:setup() succesfully completed......................................
2022-12-17 16:18:14,783:INFO:Initializing get_config()
2022-12-17 16:18:14,783:INFO:get_config(variable=data_before_preprocess)
2022-12-17 16:18:14,789:INFO:Global variable: data_before_preprocess returned as      PassengerId  Survived  Pclass  \
0              1         0       3   
1              2         1       1   
2              3         1       3   
3              4         1       1   
4              5         0       3   
..           ...       ...     ...   
886          887         0       2   
887          888         1       1   
888          889         0       3   
889          890         1       1   
890          891         0       3   

                                                    Name     Sex   Age  SibSp  \
0                                Braund, Mr. Owen Harris    male  22.0      1   
1    Cumings, Mrs. John Bradley (Florence Briggs Thayer)  female  38.0      1   
2                                 Heikkinen, Miss. Laina  female  26.0      0   
3           Futrelle, Mrs. Jacques Heath (Lily May Peel)  female  35.0      1   
4                               Allen, Mr. William Henry    male  35.0      0   
..                                                   ...     ...   ...    ...   
886                                Montvila, Rev. Juozas    male  27.0      0   
887                         Graham, Miss. Margaret Edith  female  19.0      0   
888             Johnston, Miss. Catherine Helen "Carrie"  female   NaN      1   
889                                Behr, Mr. Karl Howell    male  26.0      0   
890                                  Dooley, Mr. Patrick    male  32.0      0   

     Parch            Ticket     Fare Cabin Embarked  
0        0         A/5 21171   7.2500   NaN        S  
1        0          PC 17599  71.2833   C85        C  
2        0  STON/O2. 3101282   7.9250   NaN        S  
3        0            113803  53.1000  C123        S  
4        0            373450   8.0500   NaN        S  
..     ...               ...      ...   ...      ...  
886      0            211536  13.0000   NaN        S  
887      0            112053  30.0000   B42        S  
888      2        W./C. 6607  23.4500   NaN        S  
889      0            111369  30.0000  C148        C  
890      0            370376   7.7500   NaN        Q  

[891 rows x 12 columns]
2022-12-17 16:18:14,789:INFO:get_config() succesfully completed......................................
2022-12-17 16:18:14,789:INFO:Initializing get_config()
2022-12-17 16:18:14,789:INFO:get_config(variable=prep_pipe)
2022-12-17 16:18:14,793:INFO:Global variable: prep_pipe returned as Pipeline(memory=None,
         steps=[('dtypes',
                 DataTypes_Auto_infer(categorical_features=[],
                                      display_types=False, features_todrop=[],
                                      id_columns=['PassengerId'],
                                      ml_usecase='classification',
                                      numerical_features=[], target='Survived',
                                      time_features=[])),
                ('imputer',
                 Simple_Imputer(categorical_strategy='not_available',
                                fill_value_categorical=None,
                                fill_value_numerical=No...
                ('scaling', 'passthrough'), ('P_transform', 'passthrough'),
                ('binn', 'passthrough'), ('rem_outliers', 'passthrough'),
                ('cluster_all', 'passthrough'),
                ('dummy', Dummify(target='Survived')),
                ('fix_perfect', Remove_100(target='Survived')),
                ('clean_names', Clean_Colum_Names()),
                ('feature_select', 'passthrough'), ('fix_multi', 'passthrough'),
                ('dfs', 'passthrough'), ('pca', 'passthrough')],
         verbose=False)
2022-12-17 16:18:14,793:INFO:get_config() succesfully completed......................................
2022-12-17 19:52:17,206:INFO:PyCaret Supervised Module
2022-12-17 19:52:17,206:INFO:ML Usecase: classification
2022-12-17 19:52:17,206:INFO:version 2.3.10
2022-12-17 19:52:17,206:INFO:Initializing setup()
2022-12-17 19:52:17,206:INFO:setup(target=Survived, ml_usecase=classification, available_plots={'parameter': 'Hyperparameters', 'auc': 'AUC', 'confusion_matrix': 'Confusion Matrix', 'threshold': 'Threshold', 'pr': 'Precision Recall', 'error': 'Prediction Error', 'class_report': 'Class Report', 'rfe': 'Feature Selection', 'learning': 'Learning Curve', 'manifold': 'Manifold Learning', 'calibration': 'Calibration Curve', 'vc': 'Validation Curve', 'dimension': 'Dimensions', 'feature': 'Feature Importance', 'feature_all': 'Feature Importance (All)', 'boundary': 'Decision Boundary', 'lift': 'Lift Chart', 'gain': 'Gain Chart', 'tree': 'Decision Tree', 'ks': 'KS Statistic Plot'}, train_size=0.7, test_data=None, preprocess=True, imputation_type=simple, iterative_imputation_iters=5, categorical_features=None, categorical_imputation=constant, categorical_iterative_imputer=lightgbm, ordinal_features=None, high_cardinality_features=None, high_cardinality_method=frequency, numeric_features=None, numeric_imputation=mean, numeric_iterative_imputer=lightgbm, date_features=None, ignore_features=None, normalize=False, normalize_method=zscore, transformation=False, transformation_method=yeo-johnson, handle_unknown_categorical=True, unknown_categorical_method=least_frequent, pca=False, pca_method=linear, pca_components=None, ignore_low_variance=False, combine_rare_levels=False, rare_level_threshold=0.1, bin_numeric_features=None, remove_outliers=False, outliers_threshold=0.05, remove_multicollinearity=False, multicollinearity_threshold=0.9, remove_perfect_collinearity=True, create_clusters=False, cluster_iter=20, polynomial_features=False, polynomial_degree=2, trigonometry_features=False, polynomial_threshold=0.1, group_features=None, group_names=None, feature_selection=False, feature_selection_threshold=0.8, feature_selection_method=classic, feature_interaction=False, feature_ratio=False, interaction_threshold=0.01, fix_imbalance=False, fix_imbalance_method=None, transform_target=False, transform_target_method=box-cox, data_split_shuffle=True, data_split_stratify=False, fold_strategy=stratifiedkfold, fold=10, fold_shuffle=False, fold_groups=None, n_jobs=-1, use_gpu=True, custom_pipeline=None, html=True, session_id=123, log_experiment=False, experiment_name=None, experiment_custom_tags=None, log_plots=False, log_profile=False, log_data=False, silent=True, verbose=True, profile=False, profile_kwargs=None, display=None)
2022-12-17 19:52:17,206:INFO:Checking environment
2022-12-17 19:52:17,206:INFO:python_version: 3.8.15
2022-12-17 19:52:17,206:INFO:python_build: ('default', 'Nov 24 2022 15:19:38')
2022-12-17 19:52:17,206:INFO:machine: x86_64
2022-12-17 19:52:17,206:INFO:platform: Linux-5.15.0-57-generic-x86_64-with-glibc2.17
2022-12-17 19:52:17,207:INFO:Memory: svmem(total=16526303232, available=9940856832, percent=39.8, used=5653880832, free=165515264, active=3977539584, inactive=10350952448, buffers=1115901952, cached=9591005184, shared=588722176, slab=1507155968)
2022-12-17 19:52:17,207:INFO:Physical Core: 6
2022-12-17 19:52:17,207:INFO:Logical Core: 12
2022-12-17 19:52:17,207:INFO:Checking libraries
2022-12-17 19:52:17,208:INFO:pd==1.5.2
2022-12-17 19:52:17,208:INFO:numpy==1.20.3
2022-12-17 19:52:17,208:INFO:sklearn==0.23.2
2022-12-17 19:52:17,208:INFO:lightgbm==3.3.3
2022-12-17 19:52:17,208:WARNING:catboost not found
2022-12-17 19:52:17,260:INFO:xgboost==1.7.2
2022-12-17 19:52:17,260:INFO:mlflow==2.0.1
2022-12-17 19:52:17,260:INFO:Checking Exceptions
2022-12-17 19:52:17,260:INFO:Declaring global variables
2022-12-17 19:52:17,260:INFO:USI: bf9a
2022-12-17 19:52:17,260:INFO:pycaret_globals: {'display_container', 'X_test', '_all_models_internal', '_ml_usecase', 'experiment__', 'imputation_regressor', 'n_jobs_param', 'stratify_param', 'exp_name_log', 'fold_param', 'data_before_preprocess', 'X', 'target_param', 'pycaret_globals', 'html_param', 'y_test', '_available_plots', 'logging_param', 'transform_target_param', '_all_models', '_internal_pipeline', 'fold_groups_param_full', 'USI', 'prep_pipe', 'dashboard_logger', '_gpu_n_jobs_param', 'fold_groups_param', 'gpu_param', 'log_plots_param', 'y', 'seed', 'fold_generator', 'imputation_classifier', 'fix_imbalance_method_param', 'X_train', 'master_model_container', 'iterative_imputation_iters_param', '_all_metrics', 'y_train', 'fold_shuffle_param', 'fix_imbalance_param', 'transform_target_method_param', 'create_model_container'}
2022-12-17 19:52:17,260:INFO:Preparing display monitor
2022-12-17 19:52:17,260:INFO:Preparing display monitor
2022-12-17 19:52:17,269:INFO:Importing libraries
2022-12-17 19:52:17,270:INFO:Copying data for preprocessing
2022-12-17 19:52:17,279:INFO:Declaring preprocessing parameters
2022-12-17 19:52:17,280:WARNING:cuML not found
2022-12-17 19:52:17,280:WARNING:cuML is outdated or not found. Required version is >=0.15, got 1.7.2
2022-12-17 19:52:17,281:INFO:Creating preprocessing pipeline
2022-12-17 19:52:17,289:INFO:Preprocessing pipeline created successfully
2022-12-17 19:52:17,289:ERROR:(Process Exit): setup has been interupted with user command 'quit'. setup must rerun.
2022-12-17 19:52:17,289:INFO:Creating global containers
2022-12-17 19:52:17,290:INFO:Internal pipeline: Pipeline(memory=None, steps=[('empty_step', 'passthrough')], verbose=False)
2022-12-17 19:52:18,234:WARNING:Couldn't import cuml.linear_model.LogisticRegression
2022-12-17 19:52:18,282:WARNING:Couldn't import cuml.neighbors.KNeighborsClassifier
2022-12-17 19:52:18,284:WARNING:Couldn't import cuml.MBSGDClassifier
2022-12-17 19:52:18,284:WARNING:Couldn't import cuml.svm.SVC
2022-12-17 19:52:18,312:WARNING:Couldn't import cuml.linear_model
2022-12-17 19:52:18,317:WARNING:Couldn't import cuml.ensemble
2022-12-17 19:52:18,577:WARNING:Couldn't import catboost.CatBoostClassifier
2022-12-17 19:52:18,578:WARNING:Couldn't import cuml.linear_model.LogisticRegression
2022-12-17 19:52:18,637:WARNING:Couldn't import cuml.neighbors.KNeighborsClassifier
2022-12-17 19:52:18,638:WARNING:Couldn't import cuml.MBSGDClassifier
2022-12-17 19:52:18,640:WARNING:Couldn't import cuml.svm.SVC
2022-12-17 19:52:18,665:WARNING:Couldn't import cuml.linear_model
2022-12-17 19:52:18,671:WARNING:Couldn't import cuml.ensemble
2022-12-17 19:52:18,819:WARNING:Couldn't import catboost.CatBoostClassifier
2022-12-17 19:52:18,820:INFO:Creating grid variables
2022-12-17 19:52:18,834:INFO:create_model_container: 0
2022-12-17 19:52:18,834:INFO:master_model_container: 0
2022-12-17 19:52:18,834:INFO:display_container: 1
2022-12-17 19:52:18,839:INFO:Pipeline(memory=None,
         steps=[('dtypes',
                 DataTypes_Auto_infer(categorical_features=[],
                                      display_types=False, features_todrop=[],
                                      id_columns=['PassengerId'],
                                      ml_usecase='classification',
                                      numerical_features=[], target='Survived',
                                      time_features=[])),
                ('imputer',
                 Simple_Imputer(categorical_strategy='not_available',
                                fill_value_categorical=None,
                                fill_value_numerical=No...
                ('scaling', 'passthrough'), ('P_transform', 'passthrough'),
                ('binn', 'passthrough'), ('rem_outliers', 'passthrough'),
                ('cluster_all', 'passthrough'),
                ('dummy', Dummify(target='Survived')),
                ('fix_perfect', Remove_100(target='Survived')),
                ('clean_names', Clean_Colum_Names()),
                ('feature_select', 'passthrough'), ('fix_multi', 'passthrough'),
                ('dfs', 'passthrough'), ('pca', 'passthrough')],
         verbose=False)
2022-12-17 19:52:18,839:INFO:setup() succesfully completed......................................
2022-12-17 19:52:21,441:INFO:Initializing get_config()
2022-12-17 19:52:21,442:INFO:get_config(variable=data_before_preprocess)
2022-12-17 19:52:21,447:INFO:Global variable: data_before_preprocess returned as      PassengerId  Survived  Pclass  \
0              1         0       3   
1              2         1       1   
2              3         1       3   
3              4         1       1   
4              5         0       3   
..           ...       ...     ...   
886          887         0       2   
887          888         1       1   
888          889         0       3   
889          890         1       1   
890          891         0       3   

                                                    Name     Sex   Age  SibSp  \
0                                Braund, Mr. Owen Harris    male  22.0      1   
1    Cumings, Mrs. John Bradley (Florence Briggs Thayer)  female  38.0      1   
2                                 Heikkinen, Miss. Laina  female  26.0      0   
3           Futrelle, Mrs. Jacques Heath (Lily May Peel)  female  35.0      1   
4                               Allen, Mr. William Henry    male  35.0      0   
..                                                   ...     ...   ...    ...   
886                                Montvila, Rev. Juozas    male  27.0      0   
887                         Graham, Miss. Margaret Edith  female  19.0      0   
888             Johnston, Miss. Catherine Helen "Carrie"  female   NaN      1   
889                                Behr, Mr. Karl Howell    male  26.0      0   
890                                  Dooley, Mr. Patrick    male  32.0      0   

     Parch            Ticket     Fare Cabin Embarked  
0        0         A/5 21171   7.2500   NaN        S  
1        0          PC 17599  71.2833   C85        C  
2        0  STON/O2. 3101282   7.9250   NaN        S  
3        0            113803  53.1000  C123        S  
4        0            373450   8.0500   NaN        S  
..     ...               ...      ...   ...      ...  
886      0            211536  13.0000   NaN        S  
887      0            112053  30.0000   B42        S  
888      2        W./C. 6607  23.4500   NaN        S  
889      0            111369  30.0000  C148        C  
890      0            370376   7.7500   NaN        Q  

[891 rows x 12 columns]
2022-12-17 19:52:21,447:INFO:get_config() succesfully completed......................................
2022-12-17 19:52:21,447:INFO:Initializing get_config()
2022-12-17 19:52:21,447:INFO:get_config(variable=prep_pipe)
2022-12-17 19:52:21,451:INFO:Global variable: prep_pipe returned as Pipeline(memory=None,
         steps=[('dtypes',
                 DataTypes_Auto_infer(categorical_features=[],
                                      display_types=False, features_todrop=[],
                                      id_columns=['PassengerId'],
                                      ml_usecase='classification',
                                      numerical_features=[], target='Survived',
                                      time_features=[])),
                ('imputer',
                 Simple_Imputer(categorical_strategy='not_available',
                                fill_value_categorical=None,
                                fill_value_numerical=No...
                ('scaling', 'passthrough'), ('P_transform', 'passthrough'),
                ('binn', 'passthrough'), ('rem_outliers', 'passthrough'),
                ('cluster_all', 'passthrough'),
                ('dummy', Dummify(target='Survived')),
                ('fix_perfect', Remove_100(target='Survived')),
                ('clean_names', Clean_Colum_Names()),
                ('feature_select', 'passthrough'), ('fix_multi', 'passthrough'),
                ('dfs', 'passthrough'), ('pca', 'passthrough')],
         verbose=False)
2022-12-17 19:52:21,451:INFO:get_config() succesfully completed......................................
